<?xml version="1.0" encoding="UTF-8"?>
<!-- Generated by org.testng.reporters.JUnitXMLReporter -->
<testsuite hostname="Raghunaths-MacBook-Pro.local" name="Default test" tests="3" failures="0" timestamp="6 Jan 2020 03:09:59 GMT" time="0.069" errors="0">
  <testcase name="MobileLogin" time="0.022" classname="artifactid.Mobile"/>
  <testcase name="MobileLogout" time="0.005" classname="artifactid.Mobile"/>
  <testcase name="MobilePurchase" time="0.002" classname="artifactid.Mobile"/>
</testsuite> <!-- Default test -->
