<?xml version="1.0" encoding="UTF-8"?>
<!-- Generated by org.testng.reporters.JUnitXMLReporter -->
<testsuite hostname="Raghunaths-MacBook-Pro.local" name="Test" tests="3" failures="0" timestamp="7 Jan 2020 11:19:22 GMT" time="0.033" errors="0">
  <testcase name="MobileLogin" time="0.011" classname="artifactid.Mobile"/>
  <testcase name="MobileLogout" time="0.0" classname="artifactid.Mobile"/>
  <testcase name="MobilePurchase" time="0.001" classname="artifactid.Mobile"/>
</testsuite> <!-- Test -->
