<?xml version="1.0" encoding="UTF-8"?>
<testng-results skipped="0" failed="0" total="3" passed="3">
  <reporter-output>
  </reporter-output>
  <suite name="Suite" duration-ms="33" started-at="2020-01-07T11:19:22Z" finished-at="2020-01-07T11:19:22Z">
    <groups>
    </groups>
    <test name="Test" duration-ms="33" started-at="2020-01-07T11:19:22Z" finished-at="2020-01-07T11:19:22Z">
      <class name="artifactid.Mobile">
        <test-method status="PASS" signature="MobileLogin()[pri:0, instance:artifactid.Mobile@d041cf]" name="MobileLogin" duration-ms="11" started-at="2020-01-07T06:19:22Z" finished-at="2020-01-07T06:19:22Z">
          <reporter-output>
          </reporter-output>
        </test-method> <!-- MobileLogin -->
        <test-method status="PASS" signature="MobileLogout()[pri:0, instance:artifactid.Mobile@d041cf]" name="MobileLogout" duration-ms="0" started-at="2020-01-07T06:19:22Z" finished-at="2020-01-07T06:19:22Z">
          <reporter-output>
          </reporter-output>
        </test-method> <!-- MobileLogout -->
        <test-method status="PASS" signature="MobilePurchase()[pri:0, instance:artifactid.Mobile@d041cf]" name="MobilePurchase" duration-ms="1" started-at="2020-01-07T06:19:22Z" finished-at="2020-01-07T06:19:22Z">
          <reporter-output>
          </reporter-output>
        </test-method> <!-- MobilePurchase -->
      </class> <!-- artifactid.Mobile -->
    </test> <!-- Test -->
  </suite> <!-- Suite -->
</testng-results>
