<?xml version="1.0" encoding="UTF-8"?>
<testng-results skipped="0" failed="0" total="3" passed="3">
  <reporter-output>
  </reporter-output>
  <suite name="Default suite" duration-ms="69" started-at="2020-01-06T03:09:59Z" finished-at="2020-01-06T03:09:59Z">
    <groups>
    </groups>
    <test name="Default test" duration-ms="69" started-at="2020-01-06T03:09:59Z" finished-at="2020-01-06T03:09:59Z">
      <class name="artifactid.Mobile">
        <test-method status="PASS" signature="MobileLogin()[pri:0, instance:artifactid.Mobile@9f70c54]" name="MobileLogin" duration-ms="22" started-at="2020-01-05T22:09:59Z" finished-at="2020-01-05T22:09:59Z">
          <reporter-output>
          </reporter-output>
        </test-method> <!-- MobileLogin -->
        <test-method status="PASS" signature="MobileLogout()[pri:0, instance:artifactid.Mobile@9f70c54]" name="MobileLogout" duration-ms="5" started-at="2020-01-05T22:09:59Z" finished-at="2020-01-05T22:09:59Z">
          <reporter-output>
          </reporter-output>
        </test-method> <!-- MobileLogout -->
        <test-method status="PASS" signature="MobilePurchase()[pri:0, instance:artifactid.Mobile@9f70c54]" name="MobilePurchase" duration-ms="2" started-at="2020-01-05T22:09:59Z" finished-at="2020-01-05T22:09:59Z">
          <reporter-output>
          </reporter-output>
        </test-method> <!-- MobilePurchase -->
      </class> <!-- artifactid.Mobile -->
    </test> <!-- Default test -->
  </suite> <!-- Default suite -->
</testng-results>
